h:\3year\imat3404 - robotics\coursework\lab03_and_04\debug\vc120.pdb
h:\3year\imat3404 - robotics\coursework\lab03_and_04\debug\vc120.idb
h:\3year\imat3404 - robotics\coursework\lab03_and_04\debug\avoid.obj
h:\3year\imat3404 - robotics\coursework\lab03_and_04\debug\follow.obj
h:\3year\imat3404 - robotics\coursework\lab03_and_04\debug\forward.obj
h:\3year\imat3404 - robotics\coursework\lab03_and_04\debug\main.obj
h:\3year\imat3404 - robotics\coursework\lab03_and_04\debug\turning.obj
h:\3year\imat3404 - robotics\coursework\lab03_and_04\debug\wander.obj
h:\3year\imat3404 - robotics\coursework\lab03_and_04\debug\labs3_and_4.res
h:\3year\imat3404 - robotics\coursework\lab03_and_04\debug\labs3_and_4.ilk
h:\3year\imat3404 - robotics\coursework\lab03_and_04\debug\labs3_and_4.exe
h:\3year\imat3404 - robotics\coursework\lab03_and_04\debug\labs3_and_4.pdb
h:\3year\imat3404 - robotics\coursework\lab03_and_04\debug\labs3_and_4.tlog\cl.read.1.tlog
h:\3year\imat3404 - robotics\coursework\lab03_and_04\debug\labs3_and_4.tlog\cl.write.1.tlog
h:\3year\imat3404 - robotics\coursework\lab03_and_04\debug\labs3_and_4.tlog\cl.command.1.tlog
h:\3year\imat3404 - robotics\coursework\lab03_and_04\debug\labs3_and_4.tlog\rc.read.1.tlog
h:\3year\imat3404 - robotics\coursework\lab03_and_04\debug\labs3_and_4.tlog\rc.write.1.tlog
h:\3year\imat3404 - robotics\coursework\lab03_and_04\debug\labs3_and_4.tlog\rc.command.1.tlog
h:\3year\imat3404 - robotics\coursework\lab03_and_04\debug\labs3_and_4.tlog\link.command.1.tlog
h:\3year\imat3404 - robotics\coursework\lab03_and_04\debug\labs3_and_4.tlog\link.read.1.tlog
h:\3year\imat3404 - robotics\coursework\lab03_and_04\debug\labs3_and_4.tlog\link.write.1.tlog
